TN:
SF:notification/src/main.ts
FN:29,bootstrap
FNF:1
FNH:1
FNDA:1,bootstrap
DA:1,1
DA:2,1
DA:3,1
DA:5,1
DA:6,1
DA:7,1
DA:29,1
DA:31,1
DA:34,1
DA:37,1
DA:46,1
DA:48,1
DA:51,1
DA:59,1
DA:62,1
DA:63,0
LF:16
LH:15
BRDA:48,0,0,1
BRDA:48,0,1,0
BRDA:55,1,0,1
BRDA:55,1,1,0
BRDA:62,2,0,0
BRF:5
BRH:2
end_of_record
TN:
SF:notification/src/module.ts
FNF:0
FNH:0
DA:1,3
DA:2,3
DA:4,3
DA:6,3
DA:7,3
DA:8,3
DA:10,3
DA:11,3
DA:12,3
DA:57,3
LF:10
LH:10
BRF:0
BRH:0
end_of_record
TN:
SF:notification/src/application/dto.ts
FN:3,(anonymous_0)
FNF:1
FNH:0
FNDA:0,(anonymous_0)
DA:1,0
DA:3,0
LF:2
LH:0
BRF:0
BRH:0
end_of_record
TN:
SF:notification/src/application/service.ts
FN:18,(anonymous_4)
FN:29,(anonymous_5)
FN:43,(anonymous_6)
FN:58,(anonymous_7)
FN:68,(anonymous_8)
FN:82,(anonymous_9)
FNF:6
FNH:6
FNDA:8,(anonymous_4)
FNDA:1,(anonymous_5)
FNDA:2,(anonymous_6)
FNDA:1,(anonymous_7)
FNDA:1,(anonymous_8)
FNDA:1,(anonymous_9)
DA:1,6
DA:3,6
DA:12,6
DA:20,8
DA:30,1
DA:32,1
DA:44,2
DA:45,2
DA:46,1
DA:49,1
DA:59,1
DA:73,1
DA:83,1
LF:13
LH:13
BRDA:45,0,0,1
BRF:1
BRH:1
end_of_record
TN:
SF:notification/src/domain/entity.ts
FN:8,(anonymous_0)
FN:22,(anonymous_1)
FNF:2
FNH:2
FNDA:8,(anonymous_0)
FNDA:9,(anonymous_1)
DA:8,8
DA:9,8
DA:10,8
DA:11,8
DA:21,8
DA:23,9
DA:24,9
DA:25,9
LF:8
LH:8
BRDA:8,0,0,8
BRDA:8,0,1,8
BRDA:25,1,0,0
BRF:3
BRH:2
end_of_record
TN:
SF:notification/src/infrastructure/auth/jwtInterceptor.ts
FN:31,(anonymous_1)
FNF:1
FNH:1
FNDA:4,(anonymous_1)
DA:1,2
DA:10,2
DA:16,2
DA:32,4
DA:33,4
DA:35,4
DA:36,4
DA:37,1
DA:40,3
DA:41,1
DA:44,2
DA:45,2
DA:46,1
DA:48,1
DA:51,1
LF:15
LH:15
BRDA:36,0,0,1
BRDA:40,1,0,1
BRF:2
BRH:2
end_of_record
TN:
SF:notification/src/infrastructure/auth/verifier.ts
FNF:0
FNH:0
DA:1,2
DA:3,2
DA:4,2
DA:6,2
DA:7,0
DA:26,2
LF:6
LH:5
BRDA:6,0,0,0
BRDA:6,1,0,2
BRDA:6,1,1,2
BRF:3
BRH:2
end_of_record
TN:
SF:notification/src/infrastructure/dynamo/model.ts
FN:30,(anonymous_4)
FN:55,(anonymous_5)
FNF:2
FNH:2
FNDA:3,(anonymous_4)
FNDA:2,(anonymous_5)
DA:4,5
DA:6,5
DA:16,5
DA:30,3
DA:31,3
DA:47,3
DA:56,2
LF:7
LH:7
BRF:0
BRH:0
end_of_record
TN:
SF:notification/src/infrastructure/dynamo/provider.ts
FN:25,(anonymous_0)
FNF:1
FNH:1
FNDA:3,(anonymous_0)
DA:2,4
DA:23,4
DA:26,3
DA:27,3
DA:28,3
DA:31,3
DA:32,1
DA:42,2
DA:48,3
DA:49,3
DA:51,3
LF:11
LH:11
BRDA:27,0,0,3
BRDA:27,0,1,1
BRDA:28,1,0,3
BRDA:28,1,1,1
BRDA:31,2,0,1
BRDA:31,2,1,2
BRF:6
BRH:6
end_of_record
TN:
SF:notification/src/infrastructure/dynamo/repository.ts
FN:29,(anonymous_2)
FN:38,(anonymous_3)
FN:50,(anonymous_4)
FN:61,(anonymous_5)
FN:78,(anonymous_6)
FNF:5
FNH:5
FNDA:5,(anonymous_2)
FNDA:1,(anonymous_3)
FNDA:1,(anonymous_4)
FNDA:1,(anonymous_5)
FNDA:1,(anonymous_6)
DA:1,4
DA:7,4
DA:14,4
DA:30,5
DA:39,1
DA:51,1
DA:62,1
DA:64,1
DA:79,1
LF:9
LH:9
BRF:0
BRH:0
end_of_record
TN:
SF:notification/src/presentation/controllers/healthCheckController.ts
FN:11,(anonymous_2)
FNF:1
FNH:1
FNDA:2,(anonymous_2)
DA:1,4
DA:2,4
DA:6,4
DA:11,4
DA:12,2
LF:5
LH:5
BRF:0
BRH:0
end_of_record
TN:
SF:notification/src/presentation/controllers/httpController.ts
FN:21,(anonymous_4)
FN:26,(anonymous_5)
FN:33,(anonymous_6)
FN:41,(anonymous_7)
FN:48,(anonymous_8)
FN:55,(anonymous_9)
FN:63,(anonymous_10)
FNF:7
FNH:7
FNDA:3,(anonymous_4)
FNDA:2,(anonymous_5)
FNDA:1,(anonymous_6)
FNDA:1,(anonymous_7)
FNDA:1,(anonymous_8)
FNDA:1,(anonymous_9)
FNDA:1,(anonymous_10)
DA:1,4
DA:2,4
DA:11,4
DA:13,4
DA:20,4
DA:21,3
DA:26,4
DA:27,2
DA:33,4
DA:34,1
DA:41,4
DA:42,1
DA:48,4
DA:49,1
DA:55,4
DA:56,1
DA:63,4
DA:64,1
LF:18
LH:18
BRF:0
BRH:0
end_of_record
TN:
SF:notification/src/presentation/controllers/messageController.ts
FN:13,(anonymous_4)
FN:22,(anonymous_5)
FN:33,(anonymous_6)
FNF:3
FNH:3
FNDA:4,(anonymous_4)
FNDA:1,(anonymous_5)
FNDA:1,(anonymous_6)
DA:1,4
DA:2,4
DA:3,4
DA:5,4
DA:7,4
DA:8,4
DA:12,4
DA:13,4
DA:22,4
DA:23,1
DA:33,4
DA:34,1
DA:35,1
LF:13
LH:13
BRF:0
BRH:0
end_of_record
TN:
SF:notification/src/presentation/dtos/CreateRequestDTO.ts
FN:14,(anonymous_2)
FNF:1
FNH:0
FNDA:0,(anonymous_2)
DA:1,5
DA:2,5
DA:3,5
DA:5,5
DA:6,5
DA:8,5
DA:11,5
DA:14,0
DA:17,5
DA:27,5
LF:10
LH:9
BRF:0
BRH:0
end_of_record
TN:
SF:notification/src/presentation/dtos/ParametersDTO.ts
FN:11,(anonymous_2)
FN:12,(anonymous_3)
FN:23,(anonymous_4)
FN:24,(anonymous_5)
FNF:4
FNH:0
FNDA:0,(anonymous_2)
FNDA:0,(anonymous_3)
FNDA:0,(anonymous_4)
FNDA:0,(anonymous_5)
DA:1,5
DA:2,5
DA:3,5
DA:5,5
DA:6,5
DA:8,5
DA:11,0
DA:12,0
DA:19,5
DA:23,0
DA:24,0
DA:31,5
DA:34,5
DA:44,5
DA:47,5
LF:15
LH:11
BRF:0
BRH:0
end_of_record
TN:
SF:notification/src/presentation/dtos/ReadRequestDTO.ts
FNF:0
FNH:0
DA:1,5
DA:2,5
DA:4,5
DA:7,5
LF:4
LH:4
BRF:0
BRH:0
end_of_record
TN:
SF:notification/src/presentation/dtos/UpdateRequestDTO.ts
FN:14,(anonymous_2)
FNF:1
FNH:0
FNDA:0,(anonymous_2)
DA:1,5
DA:2,5
DA:3,5
DA:5,5
DA:7,5
DA:11,5
DA:14,0
DA:17,5
DA:27,5
LF:9
LH:8
BRF:0
BRH:0
end_of_record
TN:
SF:notification/src/presentation/dtos/index.ts
FN:1,(anonymous_0)
FN:2,(anonymous_1)
FN:3,(anonymous_2)
FN:4,(anonymous_3)
FNF:4
FNH:4
FNDA:20,(anonymous_0)
FNDA:8,(anonymous_1)
FNDA:20,(anonymous_2)
FNDA:16,(anonymous_3)
DA:1,25
DA:2,13
DA:3,25
DA:4,21
LF:4
LH:4
BRF:0
BRH:0
end_of_record
TN:
SF:notification/src/utility/downloadOpenAPI.ts
FN:14,openapi
FNF:1
FNH:1
FNDA:2,openapi
DA:1,1
DA:3,1
DA:4,1
DA:6,1
DA:7,1
DA:14,1
DA:15,2
DA:18,2
DA:21,2
DA:24,2
DA:25,2
DA:27,1
DA:28,1
DA:31,1
DA:32,1
DA:34,0
DA:35,0
DA:38,1
DA:39,1
DA:42,1
DA:43,0
LF:21
LH:18
BRDA:42,0,0,0
BRF:1
BRH:0
end_of_record
TN:
SF:notification/src/utility/generatorSwagger.ts
FN:15,generatorSwagger
FNF:1
FNH:1
FNDA:1,generatorSwagger
DA:2,2
DA:15,2
DA:17,1
DA:25,1
DA:27,1
DA:29,1
LF:6
LH:6
BRF:0
BRH:0
end_of_record
TN:
SF:notification/src/utility/decorators/AtLeastOneOption.ts
FN:25,(anonymous_1)
FN:37,AtLeastOneOption
FN:43,(anonymous_3)
FNF:3
FNH:3
FNDA:2,(anonymous_1)
FNDA:6,AtLeastOneOption
FNDA:6,(anonymous_3)
DA:1,6
DA:17,6
DA:26,2
DA:37,6
DA:43,6
DA:44,6
LF:6
LH:6
BRF:0
BRH:0
end_of_record
TN:
SF:notification/src/utility/decorators/IsTimeRange.ts
FN:29,(anonymous_1)
FN:37,(anonymous_2)
FN:49,IsTimeRange
FN:59,(anonymous_4)
FNF:4
FNH:4
FNDA:5,(anonymous_1)
FNDA:3,(anonymous_2)
FNDA:6,IsTimeRange
FNDA:6,(anonymous_4)
DA:1,6
DA:28,6
DA:30,5
DA:34,5
DA:38,3
DA:49,6
DA:59,6
DA:60,6
LF:8
LH:8
BRDA:34,0,0,5
BRDA:34,0,1,3
BRDA:34,0,2,2
BRF:3
BRH:3
end_of_record
TN:
SF:notification/src/utility/decorators/PayloadEX.ts
FN:15,(anonymous_0)
FN:15,(anonymous_1)
FN:26,(anonymous_2)
FN:33,PayloadEX
FNF:4
FNH:4
FNDA:10,(anonymous_0)
FNDA:2,(anonymous_1)
FNDA:1,(anonymous_2)
FNDA:8,PayloadEX
DA:1,6
DA:2,6
DA:3,6
DA:14,6
DA:15,10
DA:17,2
DA:20,2
DA:23,2
DA:24,2
DA:25,1
DA:26,1
DA:30,1
DA:33,6
DA:34,8
LF:14
LH:14
BRDA:24,0,0,1
BRF:1
BRH:1
end_of_record
TN:
SF:notification/src/utility/decorators/TrimSeconds.ts
FN:12,TrimSeconds
FN:13,(anonymous_1)
FNF:2
FNH:2
FNDA:16,TrimSeconds
FNDA:4,(anonymous_1)
DA:1,6
DA:12,6
DA:13,16
DA:14,4
DA:15,1
DA:17,4
LF:6
LH:6
BRDA:14,0,0,1
BRF:1
BRH:1
end_of_record
TN:
SF:notification/src/utility/decorators/index.ts
FN:1,(anonymous_0)
FN:2,(anonymous_1)
FN:3,(anonymous_2)
FN:4,(anonymous_3)
FNF:4
FNH:4
FNDA:5,(anonymous_0)
FNDA:5,(anonymous_1)
FNDA:15,(anonymous_2)
FNDA:8,(anonymous_3)
DA:1,10
DA:2,10
DA:3,20
DA:4,13
LF:4
LH:4
BRF:0
BRH:0
end_of_record
TN:
SF:worker/src/main.ts
FN:13,bootstrap
FNF:1
FNH:1
FNDA:1,bootstrap
DA:1,1
DA:3,1
DA:13,1
DA:14,1
DA:16,1
DA:19,1
DA:20,0
LF:7
LH:6
BRDA:19,0,0,0
BRF:1
BRH:0
end_of_record
TN:
SF:worker/src/module.ts
FNF:0
FNH:0
DA:1,2
DA:2,2
DA:3,2
DA:5,2
DA:6,2
DA:8,2
DA:9,2
DA:10,2
DA:11,2
DA:67,2
LF:10
LH:10
BRF:0
BRH:0
end_of_record
TN:
SF:worker/src/application/dto.ts
FN:8,(anonymous_0)
FNF:1
FNH:1
FNDA:4,(anonymous_0)
DA:8,4
DA:9,4
DA:10,4
DA:11,4
LF:4
LH:4
BRDA:8,0,0,4
BRDA:8,0,1,4
BRF:2
BRH:2
end_of_record
TN:
SF:worker/src/application/usecases/cron.ts
FN:16,(anonymous_2)
FN:27,(anonymous_3)
FN:43,(anonymous_4)
FNF:3
FNH:3
FNDA:5,(anonymous_2)
FNDA:1,(anonymous_3)
FNDA:3,(anonymous_4)
DA:1,3
DA:2,3
DA:3,3
DA:5,3
DA:11,3
DA:17,5
DA:18,5
DA:28,1
DA:29,1
DA:45,3
DA:50,3
DA:51,3
DA:53,3
LF:13
LH:13
BRDA:45,0,0,1
BRDA:45,0,1,2
BRDA:47,1,0,2
BRDA:47,1,1,2
BRF:4
BRH:4
end_of_record
TN:
SF:worker/src/application/usecases/service.ts
FN:22,(anonymous_4)
FN:34,(anonymous_5)
FN:52,(anonymous_6)
FNF:3
FNH:3
FNDA:3,(anonymous_4)
FNDA:1,(anonymous_5)
FNDA:2,(anonymous_6)
DA:1,4
DA:4,4
DA:7,4
DA:16,4
DA:23,3
DA:24,3
DA:25,3
DA:35,1
DA:36,1
DA:39,1
DA:42,1
DA:48,1
DA:53,2
DA:54,2
DA:55,2
DA:58,2
DA:60,2
DA:65,0
LF:18
LH:17
BRDA:7,0,0,4
BRDA:7,0,1,4
BRF:2
BRH:2
end_of_record
TN:
SF:worker/src/infrastructure/clientImpl.ts
FN:20,(anonymous_2)
FN:28,(anonymous_3)
FN:37,(anonymous_4)
FN:45,(anonymous_5)
FN:46,(anonymous_6)
FN:52,(anonymous_7)
FN:68,(anonymous_8)
FN:89,(anonymous_9)
FN:98,(anonymous_10)
FNF:9
FNH:9
FNDA:5,(anonymous_2)
FNDA:1,(anonymous_3)
FNDA:1,(anonymous_4)
FNDA:1,(anonymous_5)
FNDA:1,(anonymous_6)
FNDA:1,(anonymous_7)
FNDA:3,(anonymous_8)
FNDA:1,(anonymous_9)
FNDA:1,(anonymous_10)
DA:1,3
DA:2,3
DA:3,3
DA:12,3
DA:14,5
DA:22,5
DA:28,5
DA:29,1
DA:30,1
DA:38,1
DA:46,1
DA:47,1
DA:48,0
DA:51,1
DA:53,1
DA:54,1
DA:55,1
DA:69,3
DA:70,0
DA:73,3
DA:74,3
DA:75,3
DA:76,2
DA:77,2
DA:79,1
DA:81,3
DA:90,1
DA:99,1
LF:28
LH:26
BRDA:23,0,0,5
BRDA:23,0,1,4
BRDA:24,1,0,5
BRDA:24,1,1,4
BRDA:47,2,0,0
BRDA:53,3,0,1
BRDA:69,4,0,0
BRF:7
BRH:5
end_of_record
TN:
SF:worker/src/infrastructure/api/calendarClient.ts
FN:27,(anonymous_2)
FN:48,(anonymous_3)
FNF:2
FNH:2
FNDA:3,(anonymous_2)
FNDA:1,(anonymous_3)
DA:1,4
DA:2,4
DA:9,4
DA:28,3
DA:30,3
DA:49,1
LF:6
LH:6
BRF:0
BRH:0
end_of_record
TN:
SF:worker/src/infrastructure/api/index.ts
FN:1,(anonymous_0)
FN:2,(anonymous_1)
FNF:2
FNH:2
FNDA:11,(anonymous_0)
FNDA:2,(anonymous_1)
DA:1,14
DA:2,5
LF:2
LH:2
BRF:0
BRH:0
end_of_record
TN:
SF:worker/src/infrastructure/api/onesignalClient.ts
FN:29,(anonymous_2)
FN:45,(anonymous_3)
FN:63,(anonymous_4)
FNF:3
FNH:3
FNDA:4,(anonymous_2)
FNDA:1,(anonymous_3)
FNDA:1,(anonymous_4)
DA:1,5
DA:2,5
DA:10,5
DA:30,4
DA:31,4
DA:32,4
DA:35,4
DA:45,4
DA:46,1
DA:47,1
DA:52,1
DA:64,1
LF:12
LH:12
BRDA:46,0,0,1
BRDA:46,1,0,1
BRDA:46,1,1,0
BRF:3
BRH:2
end_of_record
TN:
SF:worker/src/infrastructure/receivers/calendarReceiver.ts
FN:19,(anonymous_2)
FN:29,(anonymous_3)
FNF:2
FNH:2
FNDA:4,(anonymous_2)
FNDA:3,(anonymous_3)
DA:1,3
DA:6,3
DA:13,3
DA:19,4
DA:31,3
DA:37,3
DA:38,2
DA:39,1
DA:41,1
DA:44,1
LF:10
LH:10
BRDA:37,0,0,2
BRDA:37,0,1,1
BRDA:38,1,0,1
BRDA:38,1,1,1
BRF:4
BRH:4
end_of_record
TN:
SF:worker/src/infrastructure/senders/webSender.ts
FN:21,(anonymous_2)
FN:32,(anonymous_3)
FNF:2
FNH:2
FNDA:3,(anonymous_2)
FNDA:2,(anonymous_3)
DA:1,3
DA:6,3
DA:15,3
DA:21,3
DA:40,2
DA:41,2
DA:43,2
DA:53,1
DA:55,1
LF:9
LH:9
BRDA:55,0,0,1
BRDA:55,0,1,1
BRF:2
BRH:2
end_of_record
